<?xml version="1.0" encoding="UTF-8"?>
<!-- Generated by org.testng.reporters.JUnitXMLReporter -->
<testsuite ignored="0" hostname="Dyans-MacBook-Pro.local" failures="3" tests="13" name="MedicareTestSuite" time="119.255" errors="0" timestamp="2024-07-24T10:31:03 EDT">
  <testcase classname="medicare.Appium.LoginFailedTest" name="invalidEmailTest" time="4.866"/>
  <testcase classname="medicare.Appium.LoginFailedTest" name="invalidPasswordTest" time="2.384"/>
  <testcase classname="medicare.Appium.LoginFailedTest" name="wrongPasswordTest" time="4.532">
    <failure type="java.lang.AssertionError" message="expected [.MainActivity] but found [.Home2]">
      <![CDATA[java.lang.AssertionError: expected [.MainActivity] but found [.Home2]
at medicare.Appium.LoginFailedTest.wrongPasswordTest(LoginFailedTest.java:62)
at java.base/java.util.ArrayList.forEach(ArrayList.java:1596)
... Removed 31 stack frames]]>
    </failure>
  </testcase> <!-- wrongPasswordTest -->
  <testcase classname="medicare.Appium.LoginFailedTest" name="wrongUserTest" time="10.064">
    <failure type="org.openqa.selenium.NoSuchElementException" message="An element could not be located on the page using the given search parameters.
For documentation on this error, please visit: https://www.selenium.dev/documentation/webdriver/troubleshooting/errors#no-such-element-exception
Build info: version: &amp;apos;4.22.0&amp;apos;, revision: &amp;apos;c5f3146703*&amp;apos;
System info: os.name: &amp;apos;Mac OS X&amp;apos;, os.arch: &amp;apos;aarch64&amp;apos;, os.version: &amp;apos;14.5&amp;apos;, java.version: &amp;apos;21.0.2&amp;apos;
Driver info: io.appium.java_client.android.AndroidDriver
Command: [069f0b26-e9a4-40e5-9182-5eab0eae6daf, findElement {using=id, value=com.og.medicare:id/username}]
Capabilities {appium:app: /Users/dyanmaranca/eclipse-..., appium:appPackage: com.og.medicare, appium:automationName: UIAutomator2, appium:databaseEnabled: false, appium:desired: {app: /Users/dyanmaranca/eclipse-..., automationName: UIAutomator2, deviceName: Pixel_8_API_34, platformName: ANDROID}, appium:deviceApiLevel: 34, appium:deviceManufacturer: Google, appium:deviceModel: sdk_gphone64_arm64, appium:deviceName: emulator-5554, appium:deviceScreenDensity: 420, appium:deviceScreenSize: 1080x2400, appium:deviceUDID: emulator-5554, appium:javascriptEnabled: true, appium:locationContextEnabled: false, appium:networkConnectionEnabled: true, appium:pixelRatio: 2.625, appium:platformVersion: 14, appium:statBarHeight: 132, appium:takesScreenshot: true, appium:viewportRect: {height: 2268, left: 0, top: 132, width: 1080}, appium:warnings: {}, appium:webStorageEnabled: false, platformName: ANDROID}
Session ID: 069f0b26-e9a4-40e5-9182-5eab0eae6daf">
      <![CDATA[org.openqa.selenium.NoSuchElementException: An element could not be located on the page using the given search parameters.
For documentation on this error, please visit: https://www.selenium.dev/documentation/webdriver/troubleshooting/errors#no-such-element-exception
Build info: version: '4.22.0', revision: 'c5f3146703*'
System info: os.name: 'Mac OS X', os.arch: 'aarch64', os.version: '14.5', java.version: '21.0.2'
Driver info: io.appium.java_client.android.AndroidDriver
Command: [069f0b26-e9a4-40e5-9182-5eab0eae6daf, findElement {using=id, value=com.og.medicare:id/username}]
Capabilities {appium:app: /Users/dyanmaranca/eclipse-..., appium:appPackage: com.og.medicare, appium:automationName: UIAutomator2, appium:databaseEnabled: false, appium:desired: {app: /Users/dyanmaranca/eclipse-..., automationName: UIAutomator2, deviceName: Pixel_8_API_34, platformName: ANDROID}, appium:deviceApiLevel: 34, appium:deviceManufacturer: Google, appium:deviceModel: sdk_gphone64_arm64, appium:deviceName: emulator-5554, appium:deviceScreenDensity: 420, appium:deviceScreenSize: 1080x2400, appium:deviceUDID: emulator-5554, appium:javascriptEnabled: true, appium:locationContextEnabled: false, appium:networkConnectionEnabled: true, appium:pixelRatio: 2.625, appium:platformVersion: 14, appium:statBarHeight: 132, appium:takesScreenshot: true, appium:viewportRect: {height: 2268, left: 0, top: 132, width: 1080}, appium:warnings: {}, appium:webStorageEnabled: false, platformName: ANDROID}
Session ID: 069f0b26-e9a4-40e5-9182-5eab0eae6daf
at org.openqa.selenium.remote.ErrorCodec.decode(ErrorCodec.java:167)
at org.openqa.selenium.remote.codec.w3c.W3CHttpResponseCodec.decode(W3CHttpResponseCodec.java:138)
at org.openqa.selenium.remote.codec.w3c.W3CHttpResponseCodec.decode(W3CHttpResponseCodec.java:50)
at org.openqa.selenium.remote.HttpCommandExecutor.execute(HttpCommandExecutor.java:190)
at io.appium.java_client.remote.AppiumCommandExecutor.execute(AppiumCommandExecutor.java:237)
at org.openqa.selenium.remote.RemoteWebDriver.execute(RemoteWebDriver.java:518)
at org.openqa.selenium.remote.ElementLocation$ElementFinder$2.findElement(ElementLocation.java:165)
at org.openqa.selenium.remote.ElementLocation.findElement(ElementLocation.java:59)
at org.openqa.selenium.remote.RemoteWebDriver.findElement(RemoteWebDriver.java:355)
at org.openqa.selenium.remote.RemoteWebDriver.findElement(RemoteWebDriver.java:349)
at medicare.Appium.LoginFailedTest.wrongUserTest(LoginFailedTest.java:37)
at java.base/java.util.ArrayList.forEach(ArrayList.java:1596)
... Removed 28 stack frames]]>
    </failure>
  </testcase> <!-- wrongUserTest -->
  <testcase classname="medicare.Appium.LoginSuccess" name="LoginSuccessTest" time="7.117"/>
  <testcase classname="medicare.Appium.InventoryTest" name="SubmitEmptyInventoryTest" time="10.328"/>
  <testcase classname="medicare.Appium.InventoryTest" name="AddInventoryTest" time="7.521"/>
  <testcase classname="medicare.Appium.InventoryTest" name="SearchInventoryTest" time="3.96"/>
  <testcase classname="medicare.Appium.OrderTest" name="SubmitEmptyOrderTest" time="10.405"/>
  <testcase classname="medicare.Appium.OrderTest" name="AddOrderTest" time="7.775"/>
  <testcase classname="medicare.Appium.OrderTest" name="ValidateOrderTest" time="3.375">
    <failure type="java.lang.AssertionError" message="expected:&amp;lt;1150&amp;gt; but was:&amp;lt;1200&amp;gt;">
      <![CDATA[java.lang.AssertionError: expected:<1150> but was:<1200>
at medicare.Appium.OrderTest.ValidateOrderTest(OrderTest.java:90)
at java.base/java.util.ArrayList.forEach(ArrayList.java:1596)
... Removed 27 stack frames]]>
    </failure>
  </testcase> <!-- ValidateOrderTest -->
  <testcase classname="medicare.Appium.DistributionTest" name="SubmitEmptyDistributionTest" time="14.422"/>
  <testcase classname="medicare.Appium.DistributionTest" name="AddDistributionTest" time="15.164"/>
</testsuite> <!-- MedicareTestSuite -->
